<?xml version="1.0" encoding="UTF-8"?>
<robot generator="Robot 4.0 (Python 3.9.2 on win32)" generated="20210326 17:45:50.223" rpa="false" schemaversion="2">
<suite id="s1" name="Tests" source="C:\Users\issam\Desktop\robot framework\secondIHM\Tests">
<suite id="s1-s1" name="Main" source="C:\Users\issam\Desktop\robot framework\secondIHM\Tests\main.robot">
<kw name="Begin web test" library="common" type="SETUP">
<kw name="Open Browser" library="SeleniumLibrary">
<arg>about:blank</arg>
<arg>browser=${Browser}</arg>
<doc>Opens a new browser instance to the optional ``url``.</doc>
<msg timestamp="20210326 17:45:50.639" level="INFO">Opening browser 'chrome' to base url 'about:blank'.</msg>
<status status="PASS" starttime="20210326 17:45:50.638" endtime="20210326 17:45:52.405"/>
</kw>
<kw name="Maximize Browser Window" library="SeleniumLibrary">
<doc>Maximizes current browser window.</doc>
<status status="PASS" starttime="20210326 17:45:52.406" endtime="20210326 17:45:52.620"/>
</kw>
<status status="PASS" starttime="20210326 17:45:50.638" endtime="20210326 17:45:52.620"/>
</kw>
<test id="s1-s1-t1" name="Main Test">
<kw name="Acceder a les produit disponible">
<kw name="Charger la page Web" library="PageAcceuil">
<kw name="Go To" library="SeleniumLibrary">
<arg>${URL}</arg>
<doc>Navigates the current browser window to the provided ``url``.</doc>
<msg timestamp="20210326 17:45:52.629" level="INFO">Opening url 'https://www.google.com/'</msg>
<status status="PASS" starttime="20210326 17:45:52.627" endtime="20210326 17:45:56.338"/>
</kw>
<kw name="Wait Until Page Contains" library="SeleniumLibrary">
<arg>Images</arg>
<doc>Waits until ``text`` appears on the current page.</doc>
<status status="PASS" starttime="20210326 17:45:56.338" endtime="20210326 17:45:56.401"/>
</kw>
<status status="PASS" starttime="20210326 17:45:52.625" endtime="20210326 17:45:56.402"/>
</kw>
<kw name="Chercher site web" library="PageAcceuil">
<kw name="Clear Element Text" library="SeleniumLibrary">
<arg>name=q</arg>
<doc>Clears the value of the text-input-element identified by ``locator``.</doc>
<status status="PASS" starttime="20210326 17:45:56.403" endtime="20210326 17:45:56.527"/>
</kw>
<kw name="Input Text" library="SeleniumLibrary">
<arg>name=q</arg>
<arg>Amazon</arg>
<doc>Types the given ``text`` into the text field identified by ``locator``.</doc>
<msg timestamp="20210326 17:45:56.528" level="INFO">Typing text 'Amazon' into text field 'name=q'.</msg>
<status status="PASS" starttime="20210326 17:45:56.527" endtime="20210326 17:45:56.962"/>
</kw>
<kw name="Click Element" library="SeleniumLibrary">
<arg>xpath=/html/body/div[1]/div[2]/div/img</arg>
<doc>Click the element identified by ``locator``.</doc>
<msg timestamp="20210326 17:45:56.963" level="INFO">Clicking element 'xpath=/html/body/div[1]/div[2]/div/img'.</msg>
<status status="PASS" starttime="20210326 17:45:56.962" endtime="20210326 17:45:57.081"/>
</kw>
<kw name="Click Element" library="SeleniumLibrary">
<arg>xpath=/html/body/div[1]/div[3]/form/div[1]/div[1]/div[3]/center/input[1]</arg>
<doc>Click the element identified by ``locator``.</doc>
<msg timestamp="20210326 17:45:57.082" level="INFO">Clicking element 'xpath=/html/body/div[1]/div[3]/form/div[1]/div[1]/div[3]/center/input[1]'.</msg>
<status status="PASS" starttime="20210326 17:45:57.081" endtime="20210326 17:46:02.868"/>
</kw>
<kw name="Wait Until Page Contains" library="SeleniumLibrary">
<arg>Amazon</arg>
<doc>Waits until ``text`` appears on the current page.</doc>
<status status="PASS" starttime="20210326 17:46:02.868" endtime="20210326 17:46:03.241"/>
</kw>
<status status="PASS" starttime="20210326 17:45:56.402" endtime="20210326 17:46:03.241"/>
</kw>
<kw name="Naviguer vers le site" library="PageAcceuil">
<kw name="Click Element" library="SeleniumLibrary">
<arg>xpath=//*[@id="tads"]/div[1]/div/div/div[1]/a/div[1]</arg>
<doc>Click the element identified by ``locator``.</doc>
<msg timestamp="20210326 17:46:03.244" level="INFO">Clicking element 'xpath=//*[@id="tads"]/div[1]/div/div/div[1]/a/div[1]'.</msg>
<status status="PASS" starttime="20210326 17:46:03.244" endtime="20210326 17:48:14.228"/>
</kw>
<kw name="Wait Until Page Contains" library="SeleniumLibrary">
<arg>Cart</arg>
<doc>Waits until ``text`` appears on the current page.</doc>
<status status="PASS" starttime="20210326 17:48:14.228" endtime="20210326 17:48:14.512"/>
</kw>
<status status="PASS" starttime="20210326 17:46:03.242" endtime="20210326 17:48:14.513"/>
</kw>
<kw name="Chercher le produit" library="PageAcceuil">
<kw name="Clear Element Text" library="SeleniumLibrary">
<arg>name=field-keywords</arg>
<doc>Clears the value of the text-input-element identified by ``locator``.</doc>
<status status="PASS" starttime="20210326 17:48:14.514" endtime="20210326 17:48:14.686"/>
</kw>
<kw name="Input Text" library="SeleniumLibrary">
<arg>name=field-keywords</arg>
<arg>miroir</arg>
<doc>Types the given ``text`` into the text field identified by ``locator``.</doc>
<msg timestamp="20210326 17:48:14.688" level="INFO">Typing text 'miroir' into text field 'name=field-keywords'.</msg>
<status status="PASS" starttime="20210326 17:48:14.687" endtime="20210326 17:48:14.929"/>
</kw>
<kw name="Click Element" library="SeleniumLibrary">
<arg>xpath=//*[@id="nav-search-submit-text"]</arg>
<doc>Click the element identified by ``locator``.</doc>
<msg timestamp="20210326 17:48:14.930" level="INFO">Clicking element 'xpath=//*[@id="nav-search-submit-text"]'.</msg>
<status status="PASS" starttime="20210326 17:48:14.929" endtime="20210326 17:48:55.351"/>
</kw>
<kw name="Wait Until Page Contains" library="SeleniumLibrary">
<arg>miroir</arg>
<doc>Waits until ``text`` appears on the current page.</doc>
<status status="PASS" starttime="20210326 17:48:55.351" endtime="20210326 17:48:55.483"/>
</kw>
<status status="PASS" starttime="20210326 17:48:14.513" endtime="20210326 17:48:55.483"/>
</kw>
<status status="PASS" starttime="20210326 17:45:52.623" endtime="20210326 17:48:55.483"/>
</kw>
<kw name="Selectionner produit">
<kw name="Choisir produit" library="PageProduit">
<kw name="Click Element" library="SeleniumLibrary">
<arg>xpath=/html/body/div[1]/div[2]/div[1]/div[2]/div/span[3]/div[2]/div[1]/div/span/div/div/div/div/div[2]/div[2]/div/div[1]/div/div/div[1]/h2/a</arg>
<doc>Click the element identified by ``locator``.</doc>
<msg timestamp="20210326 17:48:55.485" level="INFO">Clicking element 'xpath=/html/body/div[1]/div[2]/div[1]/div[2]/div/span[3]/div[2]/div[1]/div/span/div/div/div/div/div[2]/div[2]/div/div[1]/div/div/div[1]/h2/a'.</msg>
<status status="PASS" starttime="20210326 17:48:55.484" endtime="20210326 17:49:35.262"/>
</kw>
<kw name="Wait Until Page Contains" library="SeleniumLibrary">
<arg>In Stock.</arg>
<doc>Waits until ``text`` appears on the current page.</doc>
<status status="PASS" starttime="20210326 17:49:35.262" endtime="20210326 17:49:35.356"/>
</kw>
<status status="PASS" starttime="20210326 17:48:55.484" endtime="20210326 17:49:35.357"/>
</kw>
<kw name="Quantite produit" library="PageProduit">
<kw name="Select From List By Value" library="SeleniumLibrary">
<arg>xpath=//*[@id="quantity"]</arg>
<arg>4</arg>
<doc>Selects options from selection list ``locator`` by ``values``.</doc>
<msg timestamp="20210326 17:49:35.358" level="INFO">Selecting options from selection list 'xpath=//*[@id="quantity"]' by value 4.</msg>
<status status="PASS" starttime="20210326 17:49:35.358" endtime="20210326 17:49:35.578"/>
</kw>
<kw name="Wait Until Page Contains" library="SeleniumLibrary">
<arg>In Stock.</arg>
<doc>Waits until ``text`` appears on the current page.</doc>
<status status="PASS" starttime="20210326 17:49:35.578" endtime="20210326 17:49:35.728"/>
</kw>
<status status="PASS" starttime="20210326 17:49:35.357" endtime="20210326 17:49:35.728"/>
</kw>
<kw name="Ajouter au panier" library="PageProduit">
<kw name="Click Element" library="SeleniumLibrary">
<arg>xpath=//*[@id="add-to-cart-button"]</arg>
<doc>Click the element identified by ``locator``.</doc>
<msg timestamp="20210326 17:49:35.730" level="INFO">Clicking element 'xpath=//*[@id="add-to-cart-button"]'.</msg>
<status status="PASS" starttime="20210326 17:49:35.729" endtime="20210326 17:49:59.633"/>
</kw>
<kw name="Wait Until Page Contains" library="SeleniumLibrary">
<arg>Added to Cart</arg>
<doc>Waits until ``text`` appears on the current page.</doc>
<status status="PASS" starttime="20210326 17:49:59.633" endtime="20210326 17:49:59.666"/>
</kw>
<status status="PASS" starttime="20210326 17:49:35.729" endtime="20210326 17:49:59.666"/>
</kw>
<status status="PASS" starttime="20210326 17:48:55.483" endtime="20210326 17:49:59.666"/>
</kw>
<kw name="Ajout au Panier">
<kw name="Enregistrer Panier" library="Panier">
<kw name="Click Link" library="SeleniumLibrary">
<arg>//*[@id="nav-cart"]</arg>
<doc>Clicks a link identified by ``locator``.</doc>
<msg timestamp="20210326 17:49:59.669" level="INFO">Clicking link '//*[@id="nav-cart"]'.</msg>
<status status="PASS" starttime="20210326 17:49:59.668" endtime="20210326 17:50:08.089"/>
</kw>
<kw name="Wait Until Page Contains" library="SeleniumLibrary">
<arg>Shopping Cart</arg>
<doc>Waits until ``text`` appears on the current page.</doc>
<status status="PASS" starttime="20210326 17:50:08.090" endtime="20210326 17:50:08.129"/>
</kw>
<status status="PASS" starttime="20210326 17:49:59.667" endtime="20210326 17:50:08.129"/>
</kw>
<kw name="Passer la commande" library="Panier">
<kw name="Select Checkbox" library="SeleniumLibrary">
<arg>xpath=//*[@id="sc-buy-box-gift-checkbox"]</arg>
<doc>Selects the checkbox identified by ``locator``.</doc>
<msg timestamp="20210326 17:50:08.131" level="INFO">Selecting checkbox 'xpath=//*[@id="sc-buy-box-gift-checkbox"]'.</msg>
<status status="PASS" starttime="20210326 17:50:08.130" endtime="20210326 17:50:08.286"/>
</kw>
<kw name="Click Element" library="SeleniumLibrary">
<arg>xpath=//*[@id="sc-buy-box-ptc-button"]/span/input</arg>
<doc>Click the element identified by ``locator``.</doc>
<msg timestamp="20210326 17:50:08.288" level="INFO">Clicking element 'xpath=//*[@id="sc-buy-box-ptc-button"]/span/input'.</msg>
<status status="PASS" starttime="20210326 17:50:08.287" endtime="20210326 17:50:18.712"/>
</kw>
<kw name="Wait Until Page Contains" library="SeleniumLibrary">
<arg>Sign-In</arg>
<doc>Waits until ``text`` appears on the current page.</doc>
<status status="PASS" starttime="20210326 17:50:18.712" endtime="20210326 17:50:18.732"/>
</kw>
<status status="PASS" starttime="20210326 17:50:08.129" endtime="20210326 17:50:18.733"/>
</kw>
<status status="PASS" starttime="20210326 17:49:59.667" endtime="20210326 17:50:18.733"/>
</kw>
<status status="PASS" starttime="20210326 17:45:52.621" endtime="20210326 17:50:18.736"/>
</test>
<kw name="End web test" library="common" type="TEARDOWN">
<kw name="Close Browser" library="SeleniumLibrary">
<doc>Closes the current browser.</doc>
<status status="PASS" starttime="20210326 17:50:18.741" endtime="20210326 17:50:21.334"/>
</kw>
<status status="PASS" starttime="20210326 17:50:18.740" endtime="20210326 17:50:21.335"/>
</kw>
<doc>exemple achat sur le site web amazon.</doc>
<status status="PASS" starttime="20210326 17:45:50.278" endtime="20210326 17:50:21.335"/>
</suite>
<status status="PASS" starttime="20210326 17:45:50.228" endtime="20210326 17:50:21.350"/>
</suite>
<statistics>
<total>
<stat pass="1" fail="0" skip="0">All Tests</stat>
</total>
<tag>
</tag>
<suite>
<stat pass="1" fail="0" skip="0" id="s1" name="Tests">Tests</stat>
<stat pass="1" fail="0" skip="0" id="s1-s1" name="Main">Tests.Main</stat>
</suite>
</statistics>
<errors>
</errors>
</robot>
